  application.cpp
  material.cpp
  scenenode.cpp
C:\Users\ferro\Documents\GitHub\Volume-Rendering\ACG-Framework-Student\src\framework.h(177,109): warning C4244: 'argumento': conversión de 'float' a 'unsigned char'; posible pérdida de datos
  (compilando archivo de origen "../../src/scenenode.cpp")
  
C:\Users\ferro\Documents\GitHub\Volume-Rendering\ACG-Framework-Student\src\framework.h(177,100): warning C4244: 'argumento': conversión de 'float' a 'unsigned char'; posible pérdida de datos
  (compilando archivo de origen "../../src/scenenode.cpp")
  
C:\Users\ferro\Documents\GitHub\Volume-Rendering\ACG-Framework-Student\src\framework.h(177,91): warning C4244: 'argumento': conversión de 'float' a 'unsigned char'; posible pérdida de datos
  (compilando archivo de origen "../../src/scenenode.cpp")
  
C:\Users\ferro\Documents\GitHub\Volume-Rendering\ACG-Framework-Student\src\framework.h(177,82): warning C4244: 'argumento': conversión de 'float' a 'unsigned char'; posible pérdida de datos
  (compilando archivo de origen "../../src/scenenode.cpp")
  
C:\Users\ferro\Documents\GitHub\Volume-Rendering\ACG-Framework-Student\src\framework.h(177,109): warning C4244: 'argumento': conversión de 'float' a 'unsigned char'; posible pérdida de datos
  (compilando archivo de origen "../../src/material.cpp")
  
C:\Users\ferro\Documents\GitHub\Volume-Rendering\ACG-Framework-Student\src\framework.h(177,100): warning C4244: 'argumento': conversión de 'float' a 'unsigned char'; posible pérdida de datos
  (compilando archivo de origen "../../src/material.cpp")
  
C:\Users\ferro\Documents\GitHub\Volume-Rendering\ACG-Framework-Student\src\framework.h(177,91): warning C4244: 'argumento': conversión de 'float' a 'unsigned char'; posible pérdida de datos
  (compilando archivo de origen "../../src/material.cpp")
  
C:\Users\ferro\Documents\GitHub\Volume-Rendering\ACG-Framework-Student\src\framework.h(177,82): warning C4244: 'argumento': conversión de 'float' a 'unsigned char'; posible pérdida de datos
  (compilando archivo de origen "../../src/material.cpp")
  
C:\Users\ferro\Documents\GitHub\Volume-Rendering\ACG-Framework-Student\src\framework.h(177,109): warning C4244: 'argumento': conversión de 'float' a 'unsigned char'; posible pérdida de datos
  (compilando archivo de origen "../../src/application.cpp")
  
C:\Users\ferro\Documents\GitHub\Volume-Rendering\ACG-Framework-Student\src\framework.h(177,100): warning C4244: 'argumento': conversión de 'float' a 'unsigned char'; posible pérdida de datos
  (compilando archivo de origen "../../src/application.cpp")
  
C:\Users\ferro\Documents\GitHub\Volume-Rendering\ACG-Framework-Student\src\framework.h(177,91): warning C4244: 'argumento': conversión de 'float' a 'unsigned char'; posible pérdida de datos
  (compilando archivo de origen "../../src/application.cpp")
  
C:\Users\ferro\Documents\GitHub\Volume-Rendering\ACG-Framework-Student\src\framework.h(177,82): warning C4244: 'argumento': conversión de 'float' a 'unsigned char'; posible pérdida de datos
  (compilando archivo de origen "../../src/application.cpp")
  
C:\Users\ferro\Documents\GitHub\Volume-Rendering\ACG-Framework-Student\src\material.cpp(86,16): warning C4305: '=': truncamiento de 'double' a 'float'
C:\Users\ferro\Documents\GitHub\Volume-Rendering\ACG-Framework-Student\src\material.cpp(103,16): warning C4305: '=': truncamiento de 'double' a 'float'
C:\Users\ferro\Documents\GitHub\Volume-Rendering\ACG-Framework-Student\src\material.cpp(110,16): warning C4305: '=': truncamiento de 'double' a 'float'
C:\Users\ferro\Documents\GitHub\Volume-Rendering\ACG-Framework-Student\src\material.cpp(127,16): warning C4305: '=': truncamiento de 'double' a 'float'
C:\Users\ferro\Documents\GitHub\Volume-Rendering\ACG-Framework-Student\src\material.cpp(197,56): warning C4305: 'argumento': truncamiento de 'double' a 'float'
C:\Users\ferro\Documents\GitHub\Volume-Rendering\ACG-Framework-Student\src\material.cpp(197,50): warning C4305: 'argumento': truncamiento de 'double' a 'float'
C:\Users\ferro\Documents\GitHub\Volume-Rendering\ACG-Framework-Student\src\material.cpp(199,62): warning C4305: 'argumento': truncamiento de 'double' a 'float'
C:\Users\ferro\Documents\GitHub\Volume-Rendering\ACG-Framework-Student\src\material.cpp(199,56): warning C4305: 'argumento': truncamiento de 'double' a 'float'
C:\Users\ferro\Documents\GitHub\Volume-Rendering\ACG-Framework-Student\src\material.cpp(244,16): warning C4305: '=': truncamiento de 'double' a 'float'
C:\Users\ferro\Documents\GitHub\Volume-Rendering\ACG-Framework-Student\src\material.cpp(248,16): warning C4305: '=': truncamiento de 'double' a 'float'
C:\Users\ferro\Documents\GitHub\Volume-Rendering\ACG-Framework-Student\src\material.cpp(249,6): warning C4305: '=': truncamiento de 'double' a 'float'
C:\Users\ferro\Documents\GitHub\Volume-Rendering\ACG-Framework-Student\src\material.cpp(283,56): warning C4305: 'argumento': truncamiento de 'double' a 'float'
C:\Users\ferro\Documents\GitHub\Volume-Rendering\ACG-Framework-Student\src\material.cpp(283,50): warning C4305: 'argumento': truncamiento de 'double' a 'float'
C:\Users\ferro\Documents\GitHub\Volume-Rendering\ACG-Framework-Student\src\material.cpp(285,62): warning C4305: 'argumento': truncamiento de 'double' a 'float'
C:\Users\ferro\Documents\GitHub\Volume-Rendering\ACG-Framework-Student\src\material.cpp(285,56): warning C4305: 'argumento': truncamiento de 'double' a 'float'
C:\Users\ferro\Documents\GitHub\Volume-Rendering\ACG-Framework-Student\src\material.cpp(286,36): warning C4305: 'argumento': truncamiento de 'double' a 'float'
C:\Users\ferro\Documents\GitHub\Volume-Rendering\ACG-Framework-Student\src\application.cpp(149,25): warning C4305: 'argumento': truncamiento de 'double' a 'GLclampf'
C:\Users\ferro\Documents\GitHub\Volume-Rendering\ACG-Framework-Student\src\application.cpp(149,20): warning C4305: 'argumento': truncamiento de 'double' a 'GLclampf'
C:\Users\ferro\Documents\GitHub\Volume-Rendering\ACG-Framework-Student\src\application.cpp(149,15): warning C4305: 'argumento': truncamiento de 'double' a 'GLclampf'
C:\Users\ferro\Documents\GitHub\Volume-Rendering\ACG-Framework-Student\src\application.cpp(175,14): warning C4244: 'inicializando': conversión de 'double' a 'float'; posible pérdida de datos
C:\Users\ferro\Documents\GitHub\Volume-Rendering\ACG-Framework-Student\src\application.cpp(176,20): warning C4244: 'inicializando': conversión de 'double' a 'float'; posible pérdida de datos
C:\Users\ferro\Documents\GitHub\Volume-Rendering\ACG-Framework-Student\src\application.cpp(179,14): warning C4244: 'inicializando': conversión de 'double' a 'float'; posible pérdida de datos
C:\Users\ferro\Documents\GitHub\Volume-Rendering\ACG-Framework-Student\src\application.cpp(182,21): warning C4018: '<': no coinciden signed/unsigned
C:\Users\ferro\Documents\GitHub\Volume-Rendering\ACG-Framework-Student\src\application.cpp(262,34): warning C4244: 'argumento': conversión de 'double' a 'float'; posible pérdida de datos
LINK : warning LNK4098: la biblioteca predeterminada'LIBCMT' entra en conflicto con otras bibliotecas; use la biblioteca /NODEFAULTLIB:biblioteca
  Generando código
  23 of 2725 functions ( 0.8%) were compiled, the rest were copied from previous compilation.
    0 functions were new in current compilation
    35 functions had inline decision re-evaluated but remain unchanged
  Generación de código finalizada
LINK : warning LNK4286: "___glewDeleteBuffers" importa el símbolo "glew32s.lib(glew.obj)" definido en "imgui_impl_opengl3.obj"
LINK : warning LNK4286: "___glewLinkProgram" importa el símbolo "glew32s.lib(glew.obj)" definido en "imgui_impl_opengl3.obj"
LINK : warning LNK4286: "___glewDeleteShader" importa el símbolo "glew32s.lib(glew.obj)" definido en "imgui_impl_opengl3.obj"
LINK : warning LNK4286: "___glewGenBuffers" importa el símbolo "glew32s.lib(glew.obj)" definido en "imgui_impl_opengl3.obj"
LINK : warning LNK4286: "___glewGetProgramInfoLog" importa el símbolo "glew32s.lib(glew.obj)" definido en "imgui_impl_opengl3.obj"
LINK : warning LNK4286: "___glewDetachShader" importa el símbolo "glew32s.lib(glew.obj)" definido en "imgui_impl_opengl3.obj"
LINK : warning LNK4286: "___glewUniformMatrix4fv" importa el símbolo "glew32s.lib(glew.obj)" definido en "imgui_impl_opengl3.obj"
LINK : warning LNK4286: "___glewBlendEquationSeparate" importa el símbolo "glew32s.lib(glew.obj)" definido en "imgui_impl_opengl3.obj"
LINK : warning LNK4286: "___glewGenVertexArrays" importa el símbolo "glew32s.lib(glew.obj)" definido en "imgui_impl_opengl3.obj"
LINK : warning LNK4286: "___glewBlendEquation" importa el símbolo "glew32s.lib(glew.obj)" definido en "imgui_impl_opengl3.obj"
LINK : warning LNK4286: "___glewShaderSource" importa el símbolo "glew32s.lib(glew.obj)" definido en "imgui_impl_opengl3.obj"
LINK : warning LNK4286: "___glewDeleteProgram" importa el símbolo "glew32s.lib(glew.obj)" definido en "imgui_impl_opengl3.obj"
LINK : warning LNK4286: "___glewActiveTexture" importa el símbolo "glew32s.lib(glew.obj)" definido en "imgui_impl_opengl3.obj"
LINK : warning LNK4286: "___glewAttachShader" importa el símbolo "glew32s.lib(glew.obj)" definido en "imgui_impl_opengl3.obj"
LINK : warning LNK4286: "___glewBufferData" importa el símbolo "glew32s.lib(glew.obj)" definido en "imgui_impl_opengl3.obj"
LINK : warning LNK4286: "___glewGetUniformLocation" importa el símbolo "glew32s.lib(glew.obj)" definido en "imgui_impl_opengl3.obj"
LINK : warning LNK4286: "___glewBlendFuncSeparate" importa el símbolo "glew32s.lib(glew.obj)" definido en "imgui_impl_opengl3.obj"
LINK : warning LNK4286: "___glewDeleteVertexArrays" importa el símbolo "glew32s.lib(glew.obj)" definido en "imgui_impl_opengl3.obj"
LINK : warning LNK4286: "___glewGetProgramiv" importa el símbolo "glew32s.lib(glew.obj)" definido en "imgui_impl_opengl3.obj"
LINK : warning LNK4286: "___glewGetShaderInfoLog" importa el símbolo "glew32s.lib(glew.obj)" definido en "imgui_impl_opengl3.obj"
LINK : warning LNK4286: "___glewUniform1i" importa el símbolo "glew32s.lib(glew.obj)" definido en "imgui_impl_opengl3.obj"
LINK : warning LNK4286: "___glewCreateProgram" importa el símbolo "glew32s.lib(glew.obj)" definido en "imgui_impl_opengl3.obj"
LINK : warning LNK4286: "___glewBindBuffer" importa el símbolo "glew32s.lib(glew.obj)" definido en "imgui_impl_opengl3.obj"
LINK : warning LNK4286: "___glewCreateShader" importa el símbolo "glew32s.lib(glew.obj)" definido en "imgui_impl_opengl3.obj"
LINK : warning LNK4286: "___glewGetAttribLocation" importa el símbolo "glew32s.lib(glew.obj)" definido en "imgui_impl_opengl3.obj"
LINK : warning LNK4286: "___glewCompileShader" importa el símbolo "glew32s.lib(glew.obj)" definido en "imgui_impl_opengl3.obj"
LINK : warning LNK4286: "___glewGetShaderiv" importa el símbolo "glew32s.lib(glew.obj)" definido en "imgui_impl_opengl3.obj"
LINK : warning LNK4286: "___glewDrawElementsBaseVertex" importa el símbolo "glew32s.lib(glew.obj)" definido en "imgui_impl_opengl3.obj"
LINK : warning LNK4286: "___glewVertexAttribPointer" importa el símbolo "glew32s.lib(glew.obj)" definido en "imgui_impl_opengl3.obj"
LINK : warning LNK4286: "___glewUseProgram" importa el símbolo "glew32s.lib(glew.obj)" definido en "imgui_impl_opengl3.obj"
LINK : warning LNK4286: "___glewBindSampler" importa el símbolo "glew32s.lib(glew.obj)" definido en "imgui_impl_opengl3.obj"
LINK : warning LNK4286: "___glewBindVertexArray" importa el símbolo "glew32s.lib(glew.obj)" definido en "imgui_impl_opengl3.obj"
LINK : warning LNK4286: "___glewEnableVertexAttribArray" importa el símbolo "glew32s.lib(glew.obj)" definido en "imgui_impl_opengl3.obj"
glew32s.lib(glew.obj) : warning LNK4099: no se encontró PDB '' con 'glew32s.lib(glew.obj)' o en ''; se vinculará el objeto sin tener en cuenta información de depuración
  visualstudio.vcxproj -> C:\Users\ferro\Documents\GitHub\Volume-Rendering\ACG-Framework-Student\framework.exe
