  application.cpp
  main.cpp
  material.cpp
  scenenode.cpp
  utils.cpp
C:\Users\ferro\Documents\GitHub\Volume-Rendering\ACG-Framework-Student\ACG-Framework-Student\src\framework.h(177,109): warning C4244: 'argumento': conversión de 'float' a 'unsigned char'; posible pérdida de datos (compilando archivo de origen ..\..\src\material.cpp)
C:\Users\ferro\Documents\GitHub\Volume-Rendering\ACG-Framework-Student\ACG-Framework-Student\src\framework.h(177,100): warning C4244: 'argumento': conversión de 'float' a 'unsigned char'; posible pérdida de datos (compilando archivo de origen ..\..\src\material.cpp)
C:\Users\ferro\Documents\GitHub\Volume-Rendering\ACG-Framework-Student\ACG-Framework-Student\src\framework.h(177,91): warning C4244: 'argumento': conversión de 'float' a 'unsigned char'; posible pérdida de datos (compilando archivo de origen ..\..\src\material.cpp)
C:\Users\ferro\Documents\GitHub\Volume-Rendering\ACG-Framework-Student\ACG-Framework-Student\src\framework.h(177,82): warning C4244: 'argumento': conversión de 'float' a 'unsigned char'; posible pérdida de datos (compilando archivo de origen ..\..\src\material.cpp)
C:\Users\ferro\Documents\GitHub\Volume-Rendering\ACG-Framework-Student\ACG-Framework-Student\src\framework.h(177,109): warning C4244: 'argumento': conversión de 'float' a 'unsigned char'; posible pérdida de datos (compilando archivo de origen ..\..\src\scenenode.cpp)
C:\Users\ferro\Documents\GitHub\Volume-Rendering\ACG-Framework-Student\ACG-Framework-Student\src\framework.h(177,100): warning C4244: 'argumento': conversión de 'float' a 'unsigned char'; posible pérdida de datos (compilando archivo de origen ..\..\src\scenenode.cpp)
C:\Users\ferro\Documents\GitHub\Volume-Rendering\ACG-Framework-Student\ACG-Framework-Student\src\framework.h(177,91): warning C4244: 'argumento': conversión de 'float' a 'unsigned char'; posible pérdida de datos (compilando archivo de origen ..\..\src\scenenode.cpp)
C:\Users\ferro\Documents\GitHub\Volume-Rendering\ACG-Framework-Student\ACG-Framework-Student\src\framework.h(177,82): warning C4244: 'argumento': conversión de 'float' a 'unsigned char'; posible pérdida de datos (compilando archivo de origen ..\..\src\scenenode.cpp)
C:\Users\ferro\Documents\GitHub\Volume-Rendering\ACG-Framework-Student\ACG-Framework-Student\src\framework.h(177,109): warning C4244: 'argumento': conversión de 'float' a 'unsigned char'; posible pérdida de datos (compilando archivo de origen ..\..\src\main.cpp)
C:\Users\ferro\Documents\GitHub\Volume-Rendering\ACG-Framework-Student\ACG-Framework-Student\src\framework.h(177,100): warning C4244: 'argumento': conversión de 'float' a 'unsigned char'; posible pérdida de datos (compilando archivo de origen ..\..\src\main.cpp)
C:\Users\ferro\Documents\GitHub\Volume-Rendering\ACG-Framework-Student\ACG-Framework-Student\src\framework.h(177,91): warning C4244: 'argumento': conversión de 'float' a 'unsigned char'; posible pérdida de datos (compilando archivo de origen ..\..\src\main.cpp)
C:\Users\ferro\Documents\GitHub\Volume-Rendering\ACG-Framework-Student\ACG-Framework-Student\src\framework.h(177,82): warning C4244: 'argumento': conversión de 'float' a 'unsigned char'; posible pérdida de datos (compilando archivo de origen ..\..\src\main.cpp)
C:\Users\ferro\Documents\GitHub\Volume-Rendering\ACG-Framework-Student\ACG-Framework-Student\src\framework.h(177,109): warning C4244: 'argumento': conversión de 'float' a 'unsigned char'; posible pérdida de datos (compilando archivo de origen ..\..\src\utils.cpp)
C:\Users\ferro\Documents\GitHub\Volume-Rendering\ACG-Framework-Student\ACG-Framework-Student\src\framework.h(177,100): warning C4244: 'argumento': conversión de 'float' a 'unsigned char'; posible pérdida de datos (compilando archivo de origen ..\..\src\utils.cpp)
C:\Users\ferro\Documents\GitHub\Volume-Rendering\ACG-Framework-Student\ACG-Framework-Student\src\framework.h(177,91): warning C4244: 'argumento': conversión de 'float' a 'unsigned char'; posible pérdida de datos (compilando archivo de origen ..\..\src\utils.cpp)
C:\Users\ferro\Documents\GitHub\Volume-Rendering\ACG-Framework-Student\ACG-Framework-Student\src\framework.h(177,82): warning C4244: 'argumento': conversión de 'float' a 'unsigned char'; posible pérdida de datos (compilando archivo de origen ..\..\src\utils.cpp)
C:\Users\ferro\Documents\GitHub\Volume-Rendering\ACG-Framework-Student\ACG-Framework-Student\src\framework.h(177,109): warning C4244: 'argumento': conversión de 'float' a 'unsigned char'; posible pérdida de datos (compilando archivo de origen ..\..\src\application.cpp)
C:\Users\ferro\Documents\GitHub\Volume-Rendering\ACG-Framework-Student\ACG-Framework-Student\src\framework.h(177,100): warning C4244: 'argumento': conversión de 'float' a 'unsigned char'; posible pérdida de datos (compilando archivo de origen ..\..\src\application.cpp)
C:\Users\ferro\Documents\GitHub\Volume-Rendering\ACG-Framework-Student\ACG-Framework-Student\src\framework.h(177,91): warning C4244: 'argumento': conversión de 'float' a 'unsigned char'; posible pérdida de datos (compilando archivo de origen ..\..\src\application.cpp)
C:\Users\ferro\Documents\GitHub\Volume-Rendering\ACG-Framework-Student\ACG-Framework-Student\src\framework.h(177,82): warning C4244: 'argumento': conversión de 'float' a 'unsigned char'; posible pérdida de datos (compilando archivo de origen ..\..\src\application.cpp)
C:\Users\ferro\Documents\GitHub\Volume-Rendering\ACG-Framework-Student\ACG-Framework-Student\src\utils.cpp(334,56): warning C4244: 'argumento': conversión de 'double' a 'float'; posible pérdida de datos
C:\Users\ferro\Documents\GitHub\Volume-Rendering\ACG-Framework-Student\ACG-Framework-Student\src\utils.cpp(335,60): warning C4305: 'argumento': truncamiento de 'double' a 'float'
C:\Users\ferro\Documents\GitHub\Volume-Rendering\ACG-Framework-Student\ACG-Framework-Student\src\utils.cpp(335,55): warning C4305: 'argumento': truncamiento de 'double' a 'float'
C:\Users\ferro\Documents\GitHub\Volume-Rendering\ACG-Framework-Student\ACG-Framework-Student\src\utils.cpp(335,50): warning C4305: 'argumento': truncamiento de 'double' a 'float'
C:\Users\ferro\Documents\GitHub\Volume-Rendering\ACG-Framework-Student\ACG-Framework-Student\src\utils.cpp(335,45): warning C4305: 'argumento': truncamiento de 'double' a 'float'
C:\Users\ferro\Documents\GitHub\Volume-Rendering\ACG-Framework-Student\ACG-Framework-Student\src\utils.cpp(360,10): warning C4244: '=': conversión de 'double' a 'float'; posible pérdida de datos
C:\Users\ferro\Documents\GitHub\Volume-Rendering\ACG-Framework-Student\ACG-Framework-Student\src\utils.cpp(370,16): warning C4244: '=': conversión de 'double' a 'float'; posible pérdida de datos
C:\Users\ferro\Documents\GitHub\Volume-Rendering\ACG-Framework-Student\ACG-Framework-Student\src\utils.cpp(392,11): warning C4244: 'inicializando': conversión de 'double' a 'float'; posible pérdida de datos
C:\Users\ferro\Documents\GitHub\Volume-Rendering\ACG-Framework-Student\ACG-Framework-Student\src\utils.cpp(394,17): warning C4244: 'argumento': conversión de 'float' a 'const unsigned int'; posible pérdida de datos
C:\Users\ferro\Documents\GitHub\Volume-Rendering\ACG-Framework-Student\ACG-Framework-Student\src\utils.cpp(407,12): warning C4244: 'inicializando': conversión de 'double' a 'float'; posible pérdida de datos
C:\Users\ferro\Documents\GitHub\Volume-Rendering\ACG-Framework-Student\ACG-Framework-Student\src\utils.cpp(416,14): warning C4018: '>=': no coinciden signed/unsigned
C:\Users\ferro\Documents\GitHub\Volume-Rendering\ACG-Framework-Student\ACG-Framework-Student\src\utils.cpp(456,20): warning C4018: '<': no coinciden signed/unsigned
C:\Users\ferro\Documents\GitHub\Volume-Rendering\ACG-Framework-Student\ACG-Framework-Student\src\utils.cpp(457,59): warning C4244: 'argumento': conversión de '_Ty' a 'unsigned int'; posible pérdida de datos
          with
          [
              _Ty=float
          ]
C:\Users\ferro\Documents\GitHub\Volume-Rendering\ACG-Framework-Student\ACG-Framework-Student\src\utils.cpp(457,44): warning C4244: 'argumento': conversión de '_Ty' a 'unsigned int'; posible pérdida de datos
          with
          [
              _Ty=float
          ]
C:\Users\ferro\Documents\GitHub\Volume-Rendering\ACG-Framework-Student\ACG-Framework-Student\src\utils.cpp(457,29): warning C4244: 'argumento': conversión de '_Ty' a 'unsigned int'; posible pérdida de datos
          with
          [
              _Ty=float
          ]
C:\Users\ferro\Documents\GitHub\Volume-Rendering\ACG-Framework-Student\ACG-Framework-Student\src\utils.cpp(467,20): warning C4018: '<': no coinciden signed/unsigned
C:\Users\ferro\Documents\GitHub\Volume-Rendering\ACG-Framework-Student\ACG-Framework-Student\src\utils.cpp(468,74): warning C4244: 'argumento': conversión de '_Ty' a 'unsigned char'; posible pérdida de datos
          with
          [
              _Ty=float
          ]
C:\Users\ferro\Documents\GitHub\Volume-Rendering\ACG-Framework-Student\ACG-Framework-Student\src\utils.cpp(468,59): warning C4244: 'argumento': conversión de '_Ty' a 'unsigned char'; posible pérdida de datos
          with
          [
              _Ty=float
          ]
C:\Users\ferro\Documents\GitHub\Volume-Rendering\ACG-Framework-Student\ACG-Framework-Student\src\utils.cpp(468,44): warning C4244: 'argumento': conversión de '_Ty' a 'unsigned char'; posible pérdida de datos
          with
          [
              _Ty=float
          ]
C:\Users\ferro\Documents\GitHub\Volume-Rendering\ACG-Framework-Student\ACG-Framework-Student\src\utils.cpp(468,29): warning C4244: 'argumento': conversión de '_Ty' a 'unsigned char'; posible pérdida de datos
          with
          [
              _Ty=float
          ]
C:\Users\ferro\Documents\GitHub\Volume-Rendering\ACG-Framework-Student\ACG-Framework-Student\src\main.cpp(142,46): warning C4244: '=': conversión de 'Sint32' a 'float'; posible pérdida de datos
C:\Users\ferro\Documents\GitHub\Volume-Rendering\ACG-Framework-Student\ACG-Framework-Student\src\main.cpp(184,24): warning C4244: '=': conversión de 'double' a 'float'; posible pérdida de datos
C:\Users\ferro\Documents\GitHub\Volume-Rendering\ACG-Framework-Student\ACG-Framework-Student\src\application.cpp(92,25): warning C4305: 'argumento': truncamiento de 'double' a 'GLclampf'
C:\Users\ferro\Documents\GitHub\Volume-Rendering\ACG-Framework-Student\ACG-Framework-Student\src\application.cpp(92,20): warning C4305: 'argumento': truncamiento de 'double' a 'GLclampf'
C:\Users\ferro\Documents\GitHub\Volume-Rendering\ACG-Framework-Student\ACG-Framework-Student\src\application.cpp(92,15): warning C4305: 'argumento': truncamiento de 'double' a 'GLclampf'
C:\Users\ferro\Documents\GitHub\Volume-Rendering\ACG-Framework-Student\ACG-Framework-Student\src\application.cpp(118,14): warning C4244: 'inicializando': conversión de 'double' a 'float'; posible pérdida de datos
C:\Users\ferro\Documents\GitHub\Volume-Rendering\ACG-Framework-Student\ACG-Framework-Student\src\application.cpp(119,20): warning C4244: 'inicializando': conversión de 'double' a 'float'; posible pérdida de datos
C:\Users\ferro\Documents\GitHub\Volume-Rendering\ACG-Framework-Student\ACG-Framework-Student\src\application.cpp(122,14): warning C4244: 'inicializando': conversión de 'double' a 'float'; posible pérdida de datos
C:\Users\ferro\Documents\GitHub\Volume-Rendering\ACG-Framework-Student\ACG-Framework-Student\src\application.cpp(125,21): warning C4018: '<': no coinciden signed/unsigned
C:\Users\ferro\Documents\GitHub\Volume-Rendering\ACG-Framework-Student\ACG-Framework-Student\src\application.cpp(205,34): warning C4244: 'argumento': conversión de 'double' a 'float'; posible pérdida de datos
LINK : warning LNK4098: la biblioteca predeterminada'LIBCMT' entra en conflicto con otras bibliotecas; use la biblioteca /NODEFAULTLIB:biblioteca
  Generando código
  56 of 2455 functions ( 2.3%) were compiled, the rest were copied from previous compilation.
    0 functions were new in current compilation
    35 functions had inline decision re-evaluated but remain unchanged
  Generación de código finalizada
LINK : warning LNK4286: "___glewDeleteBuffers" importa el símbolo "glew32s.lib(glew.obj)" definido en "imgui_impl_opengl3.obj"
LINK : warning LNK4286: "___glewLinkProgram" importa el símbolo "glew32s.lib(glew.obj)" definido en "imgui_impl_opengl3.obj"
LINK : warning LNK4286: "___glewDeleteShader" importa el símbolo "glew32s.lib(glew.obj)" definido en "imgui_impl_opengl3.obj"
LINK : warning LNK4286: "___glewGenBuffers" importa el símbolo "glew32s.lib(glew.obj)" definido en "imgui_impl_opengl3.obj"
LINK : warning LNK4286: "___glewGetProgramInfoLog" importa el símbolo "glew32s.lib(glew.obj)" definido en "imgui_impl_opengl3.obj"
LINK : warning LNK4286: "___glewDetachShader" importa el símbolo "glew32s.lib(glew.obj)" definido en "imgui_impl_opengl3.obj"
LINK : warning LNK4286: "___glewUniformMatrix4fv" importa el símbolo "glew32s.lib(glew.obj)" definido en "imgui_impl_opengl3.obj"
LINK : warning LNK4286: "___glewBlendEquationSeparate" importa el símbolo "glew32s.lib(glew.obj)" definido en "imgui_impl_opengl3.obj"
LINK : warning LNK4286: "___glewGenVertexArrays" importa el símbolo "glew32s.lib(glew.obj)" definido en "imgui_impl_opengl3.obj"
LINK : warning LNK4286: "___glewBlendEquation" importa el símbolo "glew32s.lib(glew.obj)" definido en "imgui_impl_opengl3.obj"
LINK : warning LNK4286: "___glewShaderSource" importa el símbolo "glew32s.lib(glew.obj)" definido en "imgui_impl_opengl3.obj"
LINK : warning LNK4286: "___glewDeleteProgram" importa el símbolo "glew32s.lib(glew.obj)" definido en "imgui_impl_opengl3.obj"
LINK : warning LNK4286: "___glewActiveTexture" importa el símbolo "glew32s.lib(glew.obj)" definido en "imgui_impl_opengl3.obj"
LINK : warning LNK4286: "___glewAttachShader" importa el símbolo "glew32s.lib(glew.obj)" definido en "imgui_impl_opengl3.obj"
LINK : warning LNK4286: "___glewBufferData" importa el símbolo "glew32s.lib(glew.obj)" definido en "imgui_impl_opengl3.obj"
LINK : warning LNK4286: "___glewGetUniformLocation" importa el símbolo "glew32s.lib(glew.obj)" definido en "imgui_impl_opengl3.obj"
LINK : warning LNK4286: "___glewBlendFuncSeparate" importa el símbolo "glew32s.lib(glew.obj)" definido en "imgui_impl_opengl3.obj"
LINK : warning LNK4286: "___glewDeleteVertexArrays" importa el símbolo "glew32s.lib(glew.obj)" definido en "imgui_impl_opengl3.obj"
LINK : warning LNK4286: "___glewGetProgramiv" importa el símbolo "glew32s.lib(glew.obj)" definido en "imgui_impl_opengl3.obj"
LINK : warning LNK4286: "___glewGetShaderInfoLog" importa el símbolo "glew32s.lib(glew.obj)" definido en "imgui_impl_opengl3.obj"
LINK : warning LNK4286: "___glewUniform1i" importa el símbolo "glew32s.lib(glew.obj)" definido en "imgui_impl_opengl3.obj"
LINK : warning LNK4286: "___glewCreateProgram" importa el símbolo "glew32s.lib(glew.obj)" definido en "imgui_impl_opengl3.obj"
LINK : warning LNK4286: "___glewBindBuffer" importa el símbolo "glew32s.lib(glew.obj)" definido en "imgui_impl_opengl3.obj"
LINK : warning LNK4286: "___glewCreateShader" importa el símbolo "glew32s.lib(glew.obj)" definido en "imgui_impl_opengl3.obj"
LINK : warning LNK4286: "___glewGetAttribLocation" importa el símbolo "glew32s.lib(glew.obj)" definido en "imgui_impl_opengl3.obj"
LINK : warning LNK4286: "___glewCompileShader" importa el símbolo "glew32s.lib(glew.obj)" definido en "imgui_impl_opengl3.obj"
LINK : warning LNK4286: "___glewGetShaderiv" importa el símbolo "glew32s.lib(glew.obj)" definido en "imgui_impl_opengl3.obj"
LINK : warning LNK4286: "___glewDrawElementsBaseVertex" importa el símbolo "glew32s.lib(glew.obj)" definido en "imgui_impl_opengl3.obj"
LINK : warning LNK4286: "___glewVertexAttribPointer" importa el símbolo "glew32s.lib(glew.obj)" definido en "imgui_impl_opengl3.obj"
LINK : warning LNK4286: "___glewUseProgram" importa el símbolo "glew32s.lib(glew.obj)" definido en "imgui_impl_opengl3.obj"
LINK : warning LNK4286: "___glewBindSampler" importa el símbolo "glew32s.lib(glew.obj)" definido en "imgui_impl_opengl3.obj"
LINK : warning LNK4286: "___glewBindVertexArray" importa el símbolo "glew32s.lib(glew.obj)" definido en "imgui_impl_opengl3.obj"
LINK : warning LNK4286: "___glewEnableVertexAttribArray" importa el símbolo "glew32s.lib(glew.obj)" definido en "imgui_impl_opengl3.obj"
glew32s.lib(glew.obj) : warning LNK4099: no se encontró PDB '' con 'glew32s.lib(glew.obj)' o en ''; se vinculará el objeto sin tener en cuenta información de depuración
  visualstudio.vcxproj -> C:\Users\ferro\Documents\GitHub\Volume-Rendering\ACG-Framework-Student\ACG-Framework-Student\framework.exe
